<?xml version="1.0" encoding="UTF-8"?>
<testsuite name="test_register_project_tests.MyTestCase-20260327003628" tests="4" file="test_register_project_tests.py" time="0.026" timestamp="2026-03-27T00:36:29" failures="0" errors="0" skipped="0">
	<testcase classname="test_register_project_tests.MyTestCase" name="test_01" time="0.019" timestamp="2026-03-27T00:36:29"/>
	<testcase classname="test_register_project_tests.MyTestCase" name="test_02" time="0.003" timestamp="2026-03-27T00:36:29"/>
	<testcase classname="test_register_project_tests.MyTestCase" name="test_03" time="0.002" timestamp="2026-03-27T00:36:29"/>
	<testcase classname="test_register_project_tests.MyTestCase" name="test_04" time="0.002" timestamp="2026-03-27T00:36:29"/>
</testsuite>
